2019-04-04 11:17:49,362 [Worker-1] INFO  c.g.t.t.d.PublishedGradleVersions - Gradle version information cache is not available. Remote download required.
2019-04-04 11:33:24,119 [Worker-0] INFO  c.g.t.t.d.PublishedGradleVersions - Gradle version information cache is up-to-date. Trying to read.
2019-04-04 13:15:40,364 [Worker-1] INFO  c.g.t.t.d.PublishedGradleVersions - Gradle version information cache is up-to-date. Trying to read.
2019-04-04 13:23:10,773 [Worker-5] INFO  c.g.t.t.d.PublishedGradleVersions - Gradle version information cache is up-to-date. Trying to read.
2019-04-04 13:25:39,800 [Start Help Server] INFO  org.eclipse.jetty.util.log - Logging initialized @164800ms to org.eclipse.jetty.util.log.Slf4jLog
2019-04-04 13:25:40,807 [Start Help Server] INFO  org.eclipse.jetty.server.Server - jetty-9.4.8.v20171121, build timestamp: 2017-11-22T02:57:37+05:30, git hash: 82b8fb23f757335bb3329d540ce37a2a2615f0a8
2019-04-04 13:25:40,831 [Start Help Server] INFO  org.eclipse.jetty.server.session - DefaultSessionIdManager workerName=node0
2019-04-04 13:25:40,831 [Start Help Server] INFO  org.eclipse.jetty.server.session - No SessionScavenger set, using defaults
2019-04-04 13:25:40,832 [Start Help Server] INFO  org.eclipse.jetty.server.session - Scavenging every 660000ms
2019-04-04 13:25:40,867 [Start Help Server] INFO  o.e.j.server.handler.ContextHandler - Started o.e.j.s.ServletContextHandler@240f45e4{/help,null,AVAILABLE}
2019-04-04 13:25:40,897 [Start Help Server] INFO  o.e.jetty.server.AbstractConnector - Started ServerConnector@4d7fc948{HTTP/1.1,[http/1.1]}{127.0.0.1:54431}
2019-04-04 13:25:40,898 [Start Help Server] INFO  org.eclipse.jetty.server.Server - Started @165900ms
2019-04-04 13:29:35,722 [Stop Help Server] INFO  o.e.jetty.server.AbstractConnector - Stopped ServerConnector@4d7fc948{HTTP/1.1,[http/1.1]}{127.0.0.1:0}
2019-04-04 13:29:35,722 [Stop Help Server] INFO  org.eclipse.jetty.server.session - Stopped scavenging
2019-04-04 13:29:35,741 [Stop Help Server] INFO  o.e.j.server.handler.ContextHandler - Stopped o.e.j.s.ServletContextHandler@240f45e4{/help,null,UNAVAILABLE}
2019-04-04 13:30:03,339 [Worker-1] INFO  c.g.t.t.d.PublishedGradleVersions - Gradle version information cache is up-to-date. Trying to read.
2019-04-04 13:30:06,768 [Start Help Server] INFO  org.eclipse.jetty.util.log - Logging initialized @21212ms to org.eclipse.jetty.util.log.Slf4jLog
2019-04-04 13:30:06,872 [Start Help Server] INFO  org.eclipse.jetty.server.Server - jetty-9.4.8.v20171121, build timestamp: 2017-11-22T02:57:37+05:30, git hash: 82b8fb23f757335bb3329d540ce37a2a2615f0a8
2019-04-04 13:30:06,889 [Start Help Server] INFO  org.eclipse.jetty.server.session - DefaultSessionIdManager workerName=node0
2019-04-04 13:30:06,889 [Start Help Server] INFO  org.eclipse.jetty.server.session - No SessionScavenger set, using defaults
2019-04-04 13:30:06,890 [Start Help Server] INFO  org.eclipse.jetty.server.session - Scavenging every 600000ms
2019-04-04 13:30:06,913 [Start Help Server] INFO  o.e.j.server.handler.ContextHandler - Started o.e.j.s.ServletContextHandler@7ef38f27{/help,null,AVAILABLE}
2019-04-04 13:30:06,934 [Start Help Server] INFO  o.e.jetty.server.AbstractConnector - Started ServerConnector@9039c23{HTTP/1.1,[http/1.1]}{127.0.0.1:54941}
2019-04-04 13:30:06,934 [Start Help Server] INFO  org.eclipse.jetty.server.Server - Started @21378ms
2019-04-04 14:04:12,996 [Stop Help Server] INFO  o.e.jetty.server.AbstractConnector - Stopped ServerConnector@9039c23{HTTP/1.1,[http/1.1]}{127.0.0.1:0}
2019-04-04 14:04:12,997 [Stop Help Server] INFO  org.eclipse.jetty.server.session - Stopped scavenging
2019-04-04 14:04:13,046 [Stop Help Server] INFO  o.e.j.server.handler.ContextHandler - Stopped o.e.j.s.ServletContextHandler@7ef38f27{/help,null,UNAVAILABLE}
2019-04-04 14:05:44,243 [Worker-0] INFO  c.g.t.t.d.PublishedGradleVersions - Gradle version information cache is up-to-date. Trying to read.
2019-04-08 11:51:36,731 [Worker-2] INFO  c.g.t.t.d.PublishedGradleVersions - Gradle version information cache is out-of-date. Trying to update.
